Copyright 1986-2022 Xilinx, Inc. All Rights Reserved. Copyright 2022-2025 Advanced Micro Devices, Inc. All Rights Reserved.
--------------------------------------------------------------------------------------------------------------------------------------------------------------------------------------------------------------
| Tool Version : Vivado v.2025.1 (win64) Build 6140274 Thu May 22 00:12:29 MDT 2025
| Date         : Wed Nov 26 19:08:43 2025
| Host         : Emiya running 64-bit major release  (build 9200)
| Command      : report_methodology -file top_spi_flash_usb_bridge_methodology_drc_routed.rpt -pb top_spi_flash_usb_bridge_methodology_drc_routed.pb -rpx top_spi_flash_usb_bridge_methodology_drc_routed.rpx
| Design       : top_spi_flash_usb_bridge
| Device       : xc7a100tifgg676-1L
| Speed File   : -1L
| Design State : Fully Routed
--------------------------------------------------------------------------------------------------------------------------------------------------------------------------------------------------------------

Report Methodology

Table of Contents
-----------------
1. REPORT SUMMARY
2. REPORT DETAILS

1. REPORT SUMMARY
-----------------
            Netlist: netlist
          Floorplan: design_1
      Design limits: <entire design considered>
             Max checks: <unlimited>
             Checks found: 40
+-----------+----------+-------------------------------+--------+
| Rule      | Severity | Description                   | Checks |
+-----------+----------+-------------------------------+--------+
| TIMING-18 | Warning  | Missing input or output delay | 40     |
+-----------+----------+-------------------------------+--------+

2. REPORT DETAILS
-----------------
TIMING-18#1 Warning
Missing input or output delay  
An input delay is missing on ft_data[0] relative to the rising and/or falling clock edge(s) of ft_clk.
Related violations: <none>

TIMING-18#2 Warning
Missing input or output delay  
An input delay is missing on ft_data[10] relative to the rising and/or falling clock edge(s) of ft_clk.
Related violations: <none>

TIMING-18#3 Warning
Missing input or output delay  
An input delay is missing on ft_data[11] relative to the rising and/or falling clock edge(s) of ft_clk.
Related violations: <none>

TIMING-18#4 Warning
Missing input or output delay  
An input delay is missing on ft_data[12] relative to the rising and/or falling clock edge(s) of ft_clk.
Related violations: <none>

TIMING-18#5 Warning
Missing input or output delay  
An input delay is missing on ft_data[13] relative to the rising and/or falling clock edge(s) of ft_clk.
Related violations: <none>

TIMING-18#6 Warning
Missing input or output delay  
An input delay is missing on ft_data[14] relative to the rising and/or falling clock edge(s) of ft_clk.
Related violations: <none>

TIMING-18#7 Warning
Missing input or output delay  
An input delay is missing on ft_data[15] relative to the rising and/or falling clock edge(s) of ft_clk.
Related violations: <none>

TIMING-18#8 Warning
Missing input or output delay  
An input delay is missing on ft_data[16] relative to the rising and/or falling clock edge(s) of ft_clk.
Related violations: <none>

TIMING-18#9 Warning
Missing input or output delay  
An input delay is missing on ft_data[17] relative to the rising and/or falling clock edge(s) of ft_clk.
Related violations: <none>

TIMING-18#10 Warning
Missing input or output delay  
An input delay is missing on ft_data[18] relative to the rising and/or falling clock edge(s) of ft_clk.
Related violations: <none>

TIMING-18#11 Warning
Missing input or output delay  
An input delay is missing on ft_data[19] relative to the rising and/or falling clock edge(s) of ft_clk.
Related violations: <none>

TIMING-18#12 Warning
Missing input or output delay  
An input delay is missing on ft_data[1] relative to the rising and/or falling clock edge(s) of ft_clk.
Related violations: <none>

TIMING-18#13 Warning
Missing input or output delay  
An input delay is missing on ft_data[20] relative to the rising and/or falling clock edge(s) of ft_clk.
Related violations: <none>

TIMING-18#14 Warning
Missing input or output delay  
An input delay is missing on ft_data[21] relative to the rising and/or falling clock edge(s) of ft_clk.
Related violations: <none>

TIMING-18#15 Warning
Missing input or output delay  
An input delay is missing on ft_data[22] relative to the rising and/or falling clock edge(s) of ft_clk.
Related violations: <none>

TIMING-18#16 Warning
Missing input or output delay  
An input delay is missing on ft_data[23] relative to the rising and/or falling clock edge(s) of ft_clk.
Related violations: <none>

TIMING-18#17 Warning
Missing input or output delay  
An input delay is missing on ft_data[24] relative to the rising and/or falling clock edge(s) of ft_clk.
Related violations: <none>

TIMING-18#18 Warning
Missing input or output delay  
An input delay is missing on ft_data[25] relative to the rising and/or falling clock edge(s) of ft_clk.
Related violations: <none>

TIMING-18#19 Warning
Missing input or output delay  
An input delay is missing on ft_data[26] relative to the rising and/or falling clock edge(s) of ft_clk.
Related violations: <none>

TIMING-18#20 Warning
Missing input or output delay  
An input delay is missing on ft_data[27] relative to the rising and/or falling clock edge(s) of ft_clk.
Related violations: <none>

TIMING-18#21 Warning
Missing input or output delay  
An input delay is missing on ft_data[28] relative to the rising and/or falling clock edge(s) of ft_clk.
Related violations: <none>

TIMING-18#22 Warning
Missing input or output delay  
An input delay is missing on ft_data[29] relative to the rising and/or falling clock edge(s) of ft_clk.
Related violations: <none>

TIMING-18#23 Warning
Missing input or output delay  
An input delay is missing on ft_data[2] relative to the rising and/or falling clock edge(s) of ft_clk.
Related violations: <none>

TIMING-18#24 Warning
Missing input or output delay  
An input delay is missing on ft_data[30] relative to the rising and/or falling clock edge(s) of ft_clk.
Related violations: <none>

TIMING-18#25 Warning
Missing input or output delay  
An input delay is missing on ft_data[31] relative to the rising and/or falling clock edge(s) of ft_clk.
Related violations: <none>

TIMING-18#26 Warning
Missing input or output delay  
An input delay is missing on ft_data[3] relative to the rising and/or falling clock edge(s) of ft_clk.
Related violations: <none>

TIMING-18#27 Warning
Missing input or output delay  
An input delay is missing on ft_data[4] relative to the rising and/or falling clock edge(s) of ft_clk.
Related violations: <none>

TIMING-18#28 Warning
Missing input or output delay  
An input delay is missing on ft_data[5] relative to the rising and/or falling clock edge(s) of ft_clk.
Related violations: <none>

TIMING-18#29 Warning
Missing input or output delay  
An input delay is missing on ft_data[6] relative to the rising and/or falling clock edge(s) of ft_clk.
Related violations: <none>

TIMING-18#30 Warning
Missing input or output delay  
An input delay is missing on ft_data[7] relative to the rising and/or falling clock edge(s) of ft_clk.
Related violations: <none>

TIMING-18#31 Warning
Missing input or output delay  
An input delay is missing on ft_data[8] relative to the rising and/or falling clock edge(s) of ft_clk.
Related violations: <none>

TIMING-18#32 Warning
Missing input or output delay  
An input delay is missing on ft_data[9] relative to the rising and/or falling clock edge(s) of ft_clk.
Related violations: <none>

TIMING-18#33 Warning
Missing input or output delay  
An input delay is missing on ft_reset_n relative to the rising and/or falling clock edge(s) of ft_clk.
Related violations: <none>

TIMING-18#34 Warning
Missing input or output delay  
An input delay is missing on ft_rxf_n relative to the rising and/or falling clock edge(s) of ft_clk.
Related violations: <none>

TIMING-18#35 Warning
Missing input or output delay  
An input delay is missing on spi_miso relative to the rising and/or falling clock edge(s) of ft_clk.
Related violations: <none>

TIMING-18#36 Warning
Missing input or output delay  
An output delay is missing on ft_oe_n relative to the rising and/or falling clock edge(s) of ft_clk.
Related violations: <none>

TIMING-18#37 Warning
Missing input or output delay  
An output delay is missing on ft_rd_n relative to the rising and/or falling clock edge(s) of ft_clk.
Related violations: <none>

TIMING-18#38 Warning
Missing input or output delay  
An output delay is missing on spi_cs_n relative to the rising and/or falling clock edge(s) of ft_clk.
Related violations: <none>

TIMING-18#39 Warning
Missing input or output delay  
An output delay is missing on spi_mosi relative to the rising and/or falling clock edge(s) of ft_clk.
Related violations: <none>

TIMING-18#40 Warning
Missing input or output delay  
An output delay is missing on spi_sck relative to the rising and/or falling clock edge(s) of ft_clk.
Related violations: <none>


